<?xml version="1.0" encoding="UTF-8"?>
<testsuite name="test.java.ui.GameUITest" tests="3" skipped="0" failures="0" errors="0" timestamp="2017-03-22T17:30:57" hostname="Andrei-Mariuss-MacBook-Pro.local" time="0.278">
  <properties/>
  <testcase name="testLobby" classname="test.java.ui.GameUITest" time="0.125"/>
  <testcase name="testSwitchLogIn" classname="test.java.ui.GameUITest" time="0.113"/>
  <testcase name="testSwitchMulti" classname="test.java.ui.GameUITest" time="0.035"/>
  <system-out><![CDATA[main.java.ui.MultiPlayerLobbyScreen$$EnhancerByMockitoWithCGLIB$$88c27a98@5b1b4fcc
]]></system-out>
  <system-err><![CDATA[Exception in thread "JavaFX Init Thread" java.lang.IllegalStateException: Application launch must not be called more than once
	at com.sun.javafx.application.LauncherImpl.launchApplication(LauncherImpl.java:162)
	at com.sun.javafx.application.LauncherImpl.launchApplication(LauncherImpl.java:143)
	at javafx.application.Application.launch(Application.java:191)
	at test.java.ui.GameUITest$1.run(GameUITest.java:70)
]]></system-err>
</testsuite>
