<?xml version="1.0" encoding="UTF-8"?>
<testsuite name="test.java.gamelogic.domain.MapTest" tests="2" skipped="0" failures="0" errors="0" timestamp="2017-03-22T17:30:53" hostname="Andrei-Mariuss-MacBook-Pro.local" time="0.008">
  <properties/>
  <testcase name="shouldConstruct" classname="test.java.gamelogic.domain.MapTest" time="0.007"/>
  <testcase name="shouldAddCell" classname="test.java.gamelogic.domain.MapTest" time="0.001"/>
  <system-out><![CDATA[]]></system-out>
  <system-err><![CDATA[]]></system-err>
</testsuite>
