<?xml version="1.0" encoding="UTF-8"?>
<testsuite name="test.java.gamelogic.core.LobbyTest" tests="3" skipped="0" failures="0" errors="0" timestamp="2017-03-22T17:30:53" hostname="Andrei-Mariuss-MacBook-Pro.local" time="0.049">
  <properties/>
  <testcase name="shouldConstruct" classname="test.java.gamelogic.core.LobbyTest" time="0.048"/>
  <testcase name="shouldHandlePlayersCorrectly" classname="test.java.gamelogic.core.LobbyTest" time="0.001"/>
  <testcase name="shouldResetReady" classname="test.java.gamelogic.core.LobbyTest" time="0.0"/>
  <system-out><![CDATA[]]></system-out>
  <system-err><![CDATA[]]></system-err>
</testsuite>
