<?xml version="1.0" encoding="UTF-8"?>
<testsuite name="test.java.gamelogic.domain.RuleCheckerTest" tests="5" skipped="0" failures="0" errors="0" timestamp="2017-03-22T17:30:53" hostname="Andrei-Mariuss-MacBook-Pro.local" time="0.001">
  <properties/>
  <testcase name="shouldCheckCellValidity_validCell" classname="test.java.gamelogic.domain.RuleCheckerTest" time="0.0"/>
  <testcase name="shouldCheckCellValidity_invalidCell_type" classname="test.java.gamelogic.domain.RuleCheckerTest" time="0.0"/>
  <testcase name="shouldCheckCellValidity_invalidCell_posRow" classname="test.java.gamelogic.domain.RuleCheckerTest" time="0.0"/>
  <testcase name="shouldCheckCellValidity_invalidCell_posColumn" classname="test.java.gamelogic.domain.RuleCheckerTest" time="0.0"/>
  <testcase name="shouldCheckCellValidity_invalidCell_state" classname="test.java.gamelogic.domain.RuleCheckerTest" time="0.0"/>
  <system-out><![CDATA[]]></system-out>
  <system-err><![CDATA[]]></system-err>
</testsuite>
