<?xml version="1.0" encoding="UTF-8"?>
<testsuite name="test.java.networking.StandardServerManagerTest" tests="2" skipped="0" failures="0" errors="0" timestamp="2017-03-22T17:30:56" hostname="Andrei-Mariuss-MacBook-Pro.local" time="0.003">
  <properties/>
  <testcase name="testTriggersTriggered" classname="test.java.networking.StandardServerManagerTest" time="0.003"/>
  <testcase name="testNonexistentTrigger" classname="test.java.networking.StandardServerManagerTest" time="0.0"/>
  <system-out><![CDATA[]]></system-out>
  <system-err><![CDATA[]]></system-err>
</testsuite>
