<?xml version="1.0" encoding="UTF-8"?>
<testsuite name="test.java.networking.integration.TestClientInstance" tests="1" skipped="0" failures="0" errors="0" timestamp="2017-03-22T17:30:56" hostname="Andrei-Mariuss-MacBook-Pro.local" time="0.005">
  <properties/>
  <testcase name="testLocalPlayerMovementPacketsSent" classname="test.java.networking.integration.TestClientInstance" time="0.005"/>
  <system-out><![CDATA[]]></system-out>
  <system-err><![CDATA[]]></system-err>
</testsuite>
