<?xml version="1.0" encoding="UTF-8"?>
<testsuite name="test.java.networking.data.PacketTest" tests="4" skipped="0" failures="0" errors="0" timestamp="2017-03-22T17:30:56" hostname="Andrei-Mariuss-MacBook-Pro.local" time="0.006">
  <properties/>
  <testcase name="testNoDuplicateArguments" classname="test.java.networking.data.PacketTest" time="0.004"/>
  <testcase name="testDataReadWrite" classname="test.java.networking.data.PacketTest" time="0.002"/>
  <testcase name="testDataTypeCheck" classname="test.java.networking.data.PacketTest" time="0.0"/>
  <testcase name="testArgumentExists" classname="test.java.networking.data.PacketTest" time="0.0"/>
  <system-out><![CDATA[]]></system-out>
  <system-err><![CDATA[]]></system-err>
</testsuite>
