<?xml version="1.0" encoding="UTF-8"?>
<testsuite name="test.java.networking.integration.TestServerInstance" tests="4" skipped="0" failures="0" errors="0" timestamp="2017-03-22T17:30:56" hostname="Andrei-Mariuss-MacBook-Pro.local" time="0.016">
  <properties/>
  <testcase name="testEntityMovementTransmitted" classname="test.java.networking.integration.TestServerInstance" time="0.004"/>
  <testcase name="testPlayerPacketsTransmitted" classname="test.java.networking.integration.TestServerInstance" time="0.002"/>
  <testcase name="testLobbyStateChangesSent" classname="test.java.networking.integration.TestServerInstance" time="0.009"/>
  <testcase name="testInitialLobbyStateSent" classname="test.java.networking.integration.TestServerInstance" time="0.001"/>
  <system-out><![CDATA[]]></system-out>
  <system-err><![CDATA[]]></system-err>
</testsuite>
